[17:58:45.207][INFO]: Successfully identified and loaded plugin botania:default
[17:58:45.261][INFO]: Successfully identified and loaded plugin jeitweaker:default
[17:58:45.387][INFO]: Successfully identified and loaded plugin crafttweaker:builtin
[17:58:45.390][INFO]: Successfully identified and loaded plugin crafttweaker:builtin_forge
[17:58:45.392][INFO]: Successfully identified and loaded plugin mekanism:crt_plugin
[17:58:45.397][INFO]: Successfully identified and loaded plugin immersiveengineering:ct_module
[17:58:48.346][INFO]: The following mods have explicit CraftTweaker support through the default plugin:
[17:58:48.349][INFO]: - 'botania' at version '1.18.2-435'
[17:58:48.349][INFO]: - 'cagedmobs' at version '1.18.2-2.0.5'
[17:58:48.349][INFO]: - 'crafttweaker' at version '9.1.211'
[17:58:48.349][INFO]: - 'cyclic' at version '1.18.2-1.7.19'
[17:58:48.349][INFO]: - 'draconicevolution' at version '3.0.31.531'
[17:58:48.349][INFO]: - 'farmersdelight' at version '1.18.2-1.2.3'
[17:58:48.350][INFO]: - 'immersiveengineering' at version '1.18.2-8.4.0-161'
[17:58:48.350][INFO]: - 'immersivepetroleum' at version '4.2.0-25'
[17:58:48.350][INFO]: - 'jeitweaker' at version '3.0.0.9'
[17:58:48.350][INFO]: - 'mekanism' at version '10.2.5'
[17:58:48.350][INFO]: - 'mysticalagriculture' at version '5.1.5'
[17:58:48.350][INFO]: - 'pneumaticcraft' at version '1.18.2-3.6.4-45'
[17:58:48.350][INFO]: - 'projecte' at version '1.0.2'
[17:58:48.350][INFO]: - 'thermal' at version '9.2.2'
[17:58:48.350][INFO]: - 'thermal_foundation' at version '9.2.2'
[17:58:48.350][INFO]: - 'vampirism_integrations' at version '1.7.0-beta.1'
[17:58:49.342][WARN]: Attempting to register expansion for unknown type 'crafttweaker.api.tag.type.KnownTag<crafttweaker.api.item.MCItemDefinition>', carrying on anyways
[17:59:19.358][INFO]: Started loading scripts for loader 'mekanismcontent'
[17:59:19.805][INFO]: Compiling and executing scripts
[17:59:20.655][INFO]: Successfully initialized modules [mods, crafttweaker, expansions]
[17:59:20.791][INFO]: Execution for loader 'mekanismcontent' completed successfully
[17:59:20.792][INFO]: Registering 0 custom gases.
[17:59:20.806][INFO]: Registering 0 custom infuse types.
[17:59:20.837][INFO]: Registering 0 custom pigments.
[17:59:20.870][INFO]: Registering 0 custom robit skins.
[17:59:20.886][INFO]: Registering 0 custom slurries.
[17:59:35.387][INFO]: Started loading scripts for loader 'initialize'
[17:59:35.442][INFO]: Compiling and executing scripts
[17:59:35.443][INFO]: Successfully initialized modules [crafttweaker, expansions]
[17:59:35.507][INFO]: Execution for loader 'initialize' completed successfully
[17:59:55.833][INFO]: Started loading scripts for loader 'tags'
[17:59:55.903][INFO]: Compiling and executing scripts
[17:59:55.908][INFO]: Successfully initialized modules [crafttweaker, expansions]
[17:59:55.926][INFO]: Execution for loader 'tags' completed successfully
[18:00:03.497][INFO]: Started loading scripts for loader 'crafttweaker'
[18:00:03.527][INFO]: Compiling and executing scripts
[18:00:03.756][INFO]: Successfully initialized modules [mods, crafttweaker, expansions]
[18:00:03.772][INFO]: Execution for loader 'crafttweaker' completed successfully
