[24Jun2024 00:07:18.369] [Server thread/INFO] [net.minecraft.server.MinecraftServer/]: lyezinho has made the advancement [Infusing Efficiency]
[24Jun2024 00:27:36.670] [Server thread/INFO] [net.minecraft.server.MinecraftServer/]: Thigas_ has made the advancement [Viewing items]
[24Jun2024 00:27:50.600] [Server thread/INFO] [net.minecraft.server.MinecraftServer/]: Thigas_ has made the advancement [Pattern creation]
[24Jun2024 00:29:47.308] [Server thread/INFO] [net.minecraft.server.MinecraftServer/]: Thigas_ has made the advancement [Autocrafting]
[24Jun2024 00:46:38.528] [Server thread/INFO] [net.minecraft.server.network.ServerGamePacketListenerImpl/]: lyezinho lost connection: Disconnected
[24Jun2024 00:46:38.529] [Server thread/INFO] [net.minecraft.server.MinecraftServer/]: lyezinho left the game
[24Jun2024 01:55:38.907] [Server thread/INFO] [net.minecraft.server.network.ServerGamePacketListenerImpl/]: Thigas_ lost connection: Disconnected
[24Jun2024 01:55:38.908] [Server thread/INFO] [net.minecraft.server.MinecraftServer/]: Thigas_ left the game
[24Jun2024 03:24:27.212] [Server console handler/ERROR] [net.minecraft.server.dedicated.DedicatedServer/]: Caught previously unhandled exception :
java.io.IOError: java.io.IOException: Cannot run program "stty": error=0, Failed to exec spawn helper: pid: 178395, signal: 1
	at org.jline.terminal.impl.AbstractPosixTerminal.setAttributes(AbstractPosixTerminal.java:54) ~[jline-terminal-3.12.1.jar%2362!/:?]
	at org.jline.reader.impl.LineReaderImpl.readLine(LineReaderImpl.java:650) ~[jline-reader-3.12.1.jar%2361!/:?]
	at org.jline.reader.impl.LineReaderImpl.readLine(LineReaderImpl.java:418) ~[jline-reader-3.12.1.jar%2361!/:?]
	at net.minecraftforge.server.console.TerminalHandler.handleCommands(TerminalHandler.java:46) ~[forge-1.19.2-43.4.0-universal.jar%23246!/:?]
	at net.minecraft.server.dedicated.DedicatedServer$1.run(DedicatedServer.java:85) ~[server-1.19.2-20220805.130853-srg.jar%23241!/:?]
Caused by: java.io.IOException: Cannot run program "stty": error=0, Failed to exec spawn helper: pid: 178395, signal: 1
	at java.lang.ProcessBuilder.start(ProcessBuilder.java:1170) ~[?:?]
	at java.lang.ProcessBuilder.start(ProcessBuilder.java:1089) ~[?:?]
	at org.jline.utils.ExecHelper.exec(ExecHelper.java:35) ~[jline-terminal-3.12.1.jar%2362!/:?]
	at org.jline.terminal.impl.ExecPty.doGetConfig(ExecPty.java:175) ~[jline-terminal-3.12.1.jar%2362!/:?]
	at org.jline.terminal.impl.ExecPty.getAttr(ExecPty.java:87) ~[jline-terminal-3.12.1.jar%2362!/:?]
	at org.jline.terminal.impl.ExecPty.doSetAttr(ExecPty.java:93) ~[jline-terminal-3.12.1.jar%2362!/:?]
	at org.jline.terminal.impl.AbstractPty.setAttr(AbstractPty.java:29) ~[jline-terminal-3.12.1.jar%2362!/:?]
	at org.jline.terminal.impl.AbstractPosixTerminal.setAttributes(AbstractPosixTerminal.java:52) ~[jline-terminal-3.12.1.jar%2362!/:?]
	... 4 more
Caused by: java.io.IOException: error=0, Failed to exec spawn helper: pid: 178395, signal: 1
	at java.lang.ProcessImpl.forkAndExec(Native Method) ~[?:?]
	at java.lang.ProcessImpl.<init>(ProcessImpl.java:295) ~[?:?]
	at java.lang.ProcessImpl.start(ProcessImpl.java:225) ~[?:?]
	at java.lang.ProcessBuilder.start(ProcessBuilder.java:1126) ~[?:?]
	at java.lang.ProcessBuilder.start(ProcessBuilder.java:1089) ~[?:?]
	at org.jline.utils.ExecHelper.exec(ExecHelper.java:35) ~[jline-terminal-3.12.1.jar%2362!/:?]
	at org.jline.terminal.impl.ExecPty.doGetConfig(ExecPty.java:175) ~[jline-terminal-3.12.1.jar%2362!/:?]
	at org.jline.terminal.impl.ExecPty.getAttr(ExecPty.java:87) ~[jline-terminal-3.12.1.jar%2362!/:?]
	at org.jline.terminal.impl.ExecPty.doSetAttr(ExecPty.java:93) ~[jline-terminal-3.12.1.jar%2362!/:?]
	at org.jline.terminal.impl.AbstractPty.setAttr(AbstractPty.java:29) ~[jline-terminal-3.12.1.jar%2362!/:?]
	at org.jline.terminal.impl.AbstractPosixTerminal.setAttributes(AbstractPosixTerminal.java:52) ~[jline-terminal-3.12.1.jar%2362!/:?]
	... 4 more
[24Jun2024 03:24:27.235] [Server thread/INFO] [net.minecraft.server.MinecraftServer/]: Stopping server
[24Jun2024 03:24:27.236] [Server thread/INFO] [net.minecraft.server.MinecraftServer/]: Saving players
[24Jun2024 03:24:27.236] [Server thread/INFO] [net.minecraft.server.MinecraftServer/]: Saving worlds
[24Jun2024 03:24:29.804] [Server thread/INFO] [net.minecraft.server.MinecraftServer/]: Saving chunks for level 'ServerLevel[Te amo nana]'/minecraft:overworld
[24Jun2024 03:24:29.933] [Server thread/INFO] [net.minecraft.server.MinecraftServer/]: Saving chunks for level 'ServerLevel[Te amo nana]'/minecraft:the_nether
[24Jun2024 03:24:29.934] [Server thread/INFO] [net.minecraft.server.MinecraftServer/]: Saving chunks for level 'ServerLevel[Te amo nana]'/minecraft:the_end
[24Jun2024 03:24:29.977] [Server thread/INFO] [net.minecraft.server.MinecraftServer/]: ThreadedAnvilChunkStorage (Te amo nana): All chunks are saved
[24Jun2024 03:24:29.977] [Server thread/INFO] [net.minecraft.server.MinecraftServer/]: ThreadedAnvilChunkStorage (DIM-1): All chunks are saved
[24Jun2024 03:24:29.977] [Server thread/INFO] [net.minecraft.server.MinecraftServer/]: ThreadedAnvilChunkStorage (DIM1): All chunks are saved
[24Jun2024 03:24:29.977] [Server thread/INFO] [net.minecraft.server.MinecraftServer/]: ThreadedAnvilChunkStorage: All dimensions are saved
